<?xml version="1.0" encoding="UTF-8" ?>
<testsuite tests="61" failures="0" name="TestSuite" time="23.635" errors="0" skipped="0">
  <properties>
    <property name="java.runtime.name" value="Java(TM) SE Runtime Environment"/>
    <property name="java.vm.version" value="15.0.1+9-18"/>
    <property name="sun.boot.library.path" value="/opt/Java/jdk-15/lib"/>
    <property name="user.country.format" value="BR"/>
    <property name="maven.multiModuleProjectDirectory" value="/home/conpay/Git/Udemy-RESTAPIAWRESTANTN1"/>
    <property name="java.vm.vendor" value="Oracle Corporation"/>
    <property name="java.vendor.url" value="https://java.oracle.com/"/>
    <property name="guice.disable.misplaced.annotation.check" value="true"/>
    <property name="path.separator" value=":"/>
    <property name="java.vm.name" value="Java HotSpot(TM) 64-Bit Server VM"/>
    <property name="user.country" value="US"/>
    <property name="sun.java.launcher" value="SUN_STANDARD"/>
    <property name="java.vm.specification.name" value="Java Virtual Machine Specification"/>
    <property name="user.dir" value="/home/conpay/Git/Udemy-RESTAPIAWRESTANTN1"/>
    <property name="java.vm.compressedOopsMode" value="Zero based"/>
    <property name="java.runtime.version" value="15.0.1+9-18"/>
    <property name="os.arch" value="amd64"/>
    <property name="java.io.tmpdir" value="/tmp"/>
    <property name="line.separator" value="
"/>
    <property name="java.vm.specification.vendor" value="Oracle Corporation"/>
    <property name="os.name" value="Linux"/>
    <property name="classworlds.conf" value="/opt/Apache/apache-maven-3.6.3/bin/m2.conf"/>
    <property name="sun.jnu.encoding" value="UTF-8"/>
    <property name="java.library.path" value="/usr/java/packages/lib:/usr/lib64:/lib64:/lib:/usr/lib"/>
    <property name="maven.conf" value="/opt/Apache/apache-maven-3.6.3/conf"/>
    <property name="jdk.debug" value="release"/>
    <property name="java.class.version" value="59.0"/>
    <property name="java.specification.name" value="Java Platform API Specification"/>
    <property name="sun.management.compiler" value="HotSpot 64-Bit Tiered Compilers"/>
    <property name="os.version" value="5.4.0-52-generic"/>
    <property name="library.jansi.path" value="/opt/Apache/apache-maven-3.6.3/lib/jansi-native"/>
    <property name="user.home" value="/home/conpay"/>
    <property name="user.timezone" value="America/Recife"/>
    <property name="file.encoding" value="UTF-8"/>
    <property name="java.specification.version" value="15"/>
    <property name="user.name" value="conpay"/>
    <property name="java.class.path" value="/opt/Apache/apache-maven-3.6.3/boot/plexus-classworlds-2.6.0.jar"/>
    <property name="java.vm.specification.version" value="15"/>
    <property name="sun.arch.data.model" value="64"/>
    <property name="sun.java.command" value="org.codehaus.plexus.classworlds.launcher.Launcher clean site"/>
    <property name="java.home" value="/opt/Java/jdk-15"/>
    <property name="user.language" value="en"/>
    <property name="java.specification.vendor" value="Oracle Corporation"/>
    <property name="user.language.format" value="pt"/>
    <property name="java.vm.info" value="mixed mode, sharing"/>
    <property name="java.version" value="15.0.1"/>
    <property name="securerandom.source" value="file:/dev/./urandom"/>
    <property name="java.vendor" value="Oracle Corporation"/>
    <property name="maven.home" value="/opt/Apache/apache-maven-3.6.3"/>
    <property name="file.separator" value="/"/>
    <property name="java.version.date" value="2020-10-20"/>
    <property name="java.vendor.url.bug" value="https://bugreport.java.com/bugreport/"/>
    <property name="sun.io.unicode.encoding" value="UnicodeLittle"/>
    <property name="sun.cpu.endian" value="little"/>
  </properties>
  <testcase classname="com.nitaicharan.udemy_restapiawrestantn1.loggingexmple.RequestLoggingExempleTest" name="testMethod" time="2.085"/>
  <testcase classname="com.nitaicharan.udemy_restapiawrestantn1.loggingexmple.RequestLoggingExempleTest" name="keyNotNull" time="0"/>
  <testcase classname="com.nitaicharan.udemy_restapiawrestantn1.loggingexmple.RequestLoggingExempleTest" name="deleteTweet" time="0.485"/>
  <testcase classname="com.nitaicharan.udemy_restapiawrestantn1.loggingexmple.ResponseLoggingExempleTest" name="keyNotNull" time="0"/>
  <testcase classname="com.nitaicharan.udemy_restapiawrestantn1.loggingexmple.ResponseLoggingExempleTest" name="testMethod" time="0.509"/>
  <testcase classname="com.nitaicharan.udemy_restapiawrestantn1.loggingexmple.ResponseLoggingExempleTest" name="deleteTweet" time="0.453"/>
  <testcase classname="com.nitaicharan.udemy_restapiawrestantn1.basic.GetRequestTest" name="keyNotNull" time="0"/>
  <testcase classname="com.nitaicharan.udemy_restapiawrestantn1.basic.GetRequestTest" name="statusCodeVerification" time="0.818"/>
  <testcase classname="com.nitaicharan.udemy_restapiawrestantn1.basic.ValidateResponseTest" name="keyNotNull" time="0"/>
  <testcase classname="com.nitaicharan.udemy_restapiawrestantn1.basic.ValidateResponseTest" name="statusCodeVerification" time="0.691"/>
  <testcase classname="com.nitaicharan.udemy_restapiawrestantn1.basic.PostRequestTest" name="keyNotNull" time="0"/>
  <testcase classname="com.nitaicharan.udemy_restapiawrestantn1.usefultricks.TwitterCheckResponseTimeTest" name="keyNotNull" time="0"/>
  <testcase classname="com.nitaicharan.udemy_restapiawrestantn1.usefultricks.TwitterCheckResponseTimeTest" name="tweet1" time="0.509"/>
  <testcase classname="com.nitaicharan.udemy_restapiawrestantn1.usefultricks.TwitterCheckResponseTimeTest" name="tweet2" time="0.548"/>
  <testcase classname="com.nitaicharan.udemy_restapiawrestantn1.usefultricks.TwitterCheckResponseTimeTest" name="readTweet" time="0.595"/>
  <testcase classname="com.nitaicharan.udemy_restapiawrestantn1.usefultricks.TwitterCheckResponseTimeTest" name="deleteTweet1" time="0.492"/>
  <testcase classname="com.nitaicharan.udemy_restapiawrestantn1.usefultricks.TwitterCheckResponseTimeTest" name="deleteTweet2" time="0.446"/>
  <testcase classname="com.nitaicharan.udemy_restapiawrestantn1.usefultricks.TwitterRootPathExampleTest" name="keyNotNull" time="0"/>
  <testcase classname="com.nitaicharan.udemy_restapiawrestantn1.usefultricks.TwitterRootPathExampleTest" name="tweet1" time="0.511"/>
  <testcase classname="com.nitaicharan.udemy_restapiawrestantn1.usefultricks.TwitterRootPathExampleTest" name="tweet2" time="0.515"/>
  <testcase classname="com.nitaicharan.udemy_restapiawrestantn1.usefultricks.TwitterRootPathExampleTest" name="readTweet" time="0.494"/>
  <testcase classname="com.nitaicharan.udemy_restapiawrestantn1.usefultricks.TwitterRootPathExampleTest" name="deleteTweet1" time="0.449"/>
  <testcase classname="com.nitaicharan.udemy_restapiawrestantn1.usefultricks.TwitterRootPathExampleTest" name="deleteTweet2" time="0.467"/>
  <testcase classname="com.nitaicharan.udemy_restapiawrestantn1.specs.SpecificationWhithTimeTest" name="keyNotNull" time="0"/>
  <testcase classname="com.nitaicharan.udemy_restapiawrestantn1.specs.SpecificationWhithTimeTest" name="tweet1" time="0.5"/>
  <testcase classname="com.nitaicharan.udemy_restapiawrestantn1.specs.SpecificationWhithTimeTest" name="tweet2" time="0.478"/>
  <testcase classname="com.nitaicharan.udemy_restapiawrestantn1.specs.SpecificationWhithTimeTest" name="readTweet" time="0.478"/>
  <testcase classname="com.nitaicharan.udemy_restapiawrestantn1.specs.SpecificationWhithTimeTest" name="deleteTweet1" time="0.521"/>
  <testcase classname="com.nitaicharan.udemy_restapiawrestantn1.specs.SpecificationWhithTimeTest" name="deleteTweet2" time="0.448"/>
  <testcase classname="com.nitaicharan.udemy_restapiawrestantn1.specs.RequestSpecificationDemoTest" name="keyNotNull" time="0"/>
  <testcase classname="com.nitaicharan.udemy_restapiawrestantn1.specs.RequestSpecificationDemoTest" name="readTweet" time="0.459"/>
  <testcase classname="com.nitaicharan.udemy_restapiawrestantn1.specs.ResponseSpecificationDemoTest" name="keyNotNull" time="0"/>
  <testcase classname="com.nitaicharan.udemy_restapiawrestantn1.specs.ResponseSpecificationDemoTest" name="tweet1" time="0.478"/>
  <testcase classname="com.nitaicharan.udemy_restapiawrestantn1.specs.ResponseSpecificationDemoTest" name="tweet2" time="0.513"/>
  <testcase classname="com.nitaicharan.udemy_restapiawrestantn1.specs.ResponseSpecificationDemoTest" name="readTweet" time="0.454"/>
  <testcase classname="com.nitaicharan.udemy_restapiawrestantn1.specs.ResponseSpecificationDemoTest" name="deleteTweet1" time="0.463"/>
  <testcase classname="com.nitaicharan.udemy_restapiawrestantn1.specs.ResponseSpecificationDemoTest" name="deleteTweet2" time="0.493"/>
  <testcase classname="com.nitaicharan.udemy_restapiawrestantn1.twitterapiexemple.TwitterEndToEndWorkflowTest" name="keyNotNull" time="0"/>
  <testcase classname="com.nitaicharan.udemy_restapiawrestantn1.twitterapiexemple.TwitterEndToEndWorkflowTest" name="postTweet" time="0.507"/>
  <testcase classname="com.nitaicharan.udemy_restapiawrestantn1.twitterapiexemple.TwitterEndToEndWorkflowTest" name="readTweet" time="0.454"/>
  <testcase classname="com.nitaicharan.udemy_restapiawrestantn1.twitterapiexemple.TwitterEndToEndWorkflowTest" name="deleteTweet" time="0.45"/>
  <testcase classname="com.nitaicharan.udemy_restapiawrestantn1.twitterapiexemple.TwitterGETRequestTest" name="keyNotNull" time="0"/>
  <testcase classname="com.nitaicharan.udemy_restapiawrestantn1.twitterapiexemple.TwitterGETRequestTest" name="postTweet" time="0.51"/>
  <testcase classname="com.nitaicharan.udemy_restapiawrestantn1.twitterapiexemple.TwitterGETRequestTest" name="readTweet" time="0.464"/>
  <testcase classname="com.nitaicharan.udemy_restapiawrestantn1.twitterapiexemple.TwitterGETRequestTest" name="deleteTweet" time="0.591"/>
  <testcase classname="com.nitaicharan.udemy_restapiawrestantn1.twitterapiexemple.TwitterPOSTRequestTest" name="keyNotNull" time="0"/>
  <testcase classname="com.nitaicharan.udemy_restapiawrestantn1.twitterapiexemple.TwitterExtractResponsetTest" name="keyNotNull" time="0"/>
  <testcase classname="com.nitaicharan.udemy_restapiawrestantn1.extractresponse.GoogleExtractResponseTest" name="extractResponse" time="0.365"/>
  <testcase classname="com.nitaicharan.udemy_restapiawrestantn1.extractresponse.GoogleExtractResponseTest" name="keyNotNull" time="0"/>
  <testcase classname="com.nitaicharan.udemy_restapiawrestantn1.assertexamples.TwitterSoftAssertExampleTest" name="keyNotNull" time="0"/>
  <testcase classname="com.nitaicharan.udemy_restapiawrestantn1.assertexamples.TwitterSoftAssertExampleTest" name="tweet1" time="0.504"/>
  <testcase classname="com.nitaicharan.udemy_restapiawrestantn1.assertexamples.TwitterSoftAssertExampleTest" name="tweet2" time="0.508"/>
  <testcase classname="com.nitaicharan.udemy_restapiawrestantn1.assertexamples.TwitterSoftAssertExampleTest" name="readTweet" time="0.474"/>
  <testcase classname="com.nitaicharan.udemy_restapiawrestantn1.assertexamples.TwitterSoftAssertExampleTest" name="deleteTweet1" time="0.525"/>
  <testcase classname="com.nitaicharan.udemy_restapiawrestantn1.assertexamples.TwitterSoftAssertExampleTest" name="deleteTweet2" time="0.483"/>
  <testcase classname="com.nitaicharan.udemy_restapiawrestantn1.assertexamples.TwitterHardAssertExampleTest" name="keyNotNull" time="0"/>
  <testcase classname="com.nitaicharan.udemy_restapiawrestantn1.assertexamples.TwitterHardAssertExampleTest" name="tweet1" time="0.526"/>
  <testcase classname="com.nitaicharan.udemy_restapiawrestantn1.assertexamples.TwitterHardAssertExampleTest" name="tweet2" time="0.534"/>
  <testcase classname="com.nitaicharan.udemy_restapiawrestantn1.assertexamples.TwitterHardAssertExampleTest" name="readTweet" time="0.499"/>
  <testcase classname="com.nitaicharan.udemy_restapiawrestantn1.assertexamples.TwitterHardAssertExampleTest" name="deleteTweet1" time="0.454"/>
  <testcase classname="com.nitaicharan.udemy_restapiawrestantn1.assertexamples.TwitterHardAssertExampleTest" name="deleteTweet2" time="0.435"/>
</testsuite>