<?xml version="1.0" encoding="UTF-8"?>
<!-- Generated by org.testng.reporters.JUnitReportReporter -->
<testsuite hostname="CON0006" failures="0" tests="4" name="com.nitaicharan.udemy_restapiawrestantn1.twitterapiexemple.TwitterEndToEndWorkflowTest" time="1.414" errors="0" timestamp="2020-11-03T10:59:31 BRT" skipped="0">
  <testcase classname="com.nitaicharan.udemy_restapiawrestantn1.twitterapiexemple.TwitterEndToEndWorkflowTest" name="deleteTweet" time="0.451"/>
  <system-out/>
  <testcase classname="com.nitaicharan.udemy_restapiawrestantn1.twitterapiexemple.TwitterEndToEndWorkflowTest" name="postTweet" time="0.507"/>
  <system-out/>
  <testcase classname="com.nitaicharan.udemy_restapiawrestantn1.twitterapiexemple.TwitterEndToEndWorkflowTest" name="readTweet" time="0.455"/>
  <system-out/>
  <testcase classname="com.nitaicharan.udemy_restapiawrestantn1.twitterapiexemple.TwitterEndToEndWorkflowTest" name="keyNotNull" time="0.001"/>
  <system-out/>
</testsuite> <!-- com.nitaicharan.udemy_restapiawrestantn1.twitterapiexemple.TwitterEndToEndWorkflowTest -->
