<?xml version="1.0" encoding="UTF-8"?>
<!-- Generated by org.testng.reporters.JUnitReportReporter -->
<testsuite hostname="CON0006" failures="0" tests="6" name="com.nitaicharan.udemy_restapiawrestantn1.usefultricks.TwitterCheckResponseTimeTest" time="2.590" errors="0" timestamp="2020-11-03T10:59:31 BRT" skipped="0">
  <testcase classname="com.nitaicharan.udemy_restapiawrestantn1.usefultricks.TwitterCheckResponseTimeTest" name="keyNotNull" time="0.000"/>
  <system-out/>
  <testcase classname="com.nitaicharan.udemy_restapiawrestantn1.usefultricks.TwitterCheckResponseTimeTest" name="deleteTweet2" time="0.446"/>
  <system-out/>
  <testcase classname="com.nitaicharan.udemy_restapiawrestantn1.usefultricks.TwitterCheckResponseTimeTest" name="readTweet" time="0.595"/>
  <system-out/>
  <testcase classname="com.nitaicharan.udemy_restapiawrestantn1.usefultricks.TwitterCheckResponseTimeTest" name="tweet2" time="0.548"/>
  <system-out/>
  <testcase classname="com.nitaicharan.udemy_restapiawrestantn1.usefultricks.TwitterCheckResponseTimeTest" name="tweet1" time="0.509"/>
  <system-out/>
  <testcase classname="com.nitaicharan.udemy_restapiawrestantn1.usefultricks.TwitterCheckResponseTimeTest" name="deleteTweet1" time="0.492"/>
  <system-out/>
</testsuite> <!-- com.nitaicharan.udemy_restapiawrestantn1.usefultricks.TwitterCheckResponseTimeTest -->
