<?xml version="1.0" encoding="UTF-8"?>
<!-- Generated by org.testng.reporters.JUnitReportReporter -->
<testsuite hostname="CON0006" failures="0" tests="3" name="com.nitaicharan.udemy_restapiawrestantn1.loggingexmple.RequestLoggingExempleTest" time="2.569" errors="0" timestamp="2020-11-03T10:59:31 BRT" skipped="0">
  <testcase classname="com.nitaicharan.udemy_restapiawrestantn1.loggingexmple.RequestLoggingExempleTest" name="testMethod" time="2.083"/>
  <system-out/>
  <testcase classname="com.nitaicharan.udemy_restapiawrestantn1.loggingexmple.RequestLoggingExempleTest" name="keyNotNull" time="0.001"/>
  <system-out/>
  <testcase classname="com.nitaicharan.udemy_restapiawrestantn1.loggingexmple.RequestLoggingExempleTest" name="deleteTweet" time="0.485"/>
  <system-out/>
</testsuite> <!-- com.nitaicharan.udemy_restapiawrestantn1.loggingexmple.RequestLoggingExempleTest -->
