<?xml version="1.0" encoding="UTF-8"?>
<!-- Generated by org.testng.reporters.JUnitReportReporter -->
<testsuite hostname="CON0006" failures="0" tests="6" name="com.nitaicharan.udemy_restapiawrestantn1.assertexamples.TwitterSoftAssertExampleTest" time="2.496" errors="0" timestamp="2020-11-03T10:59:31 BRT" skipped="0">
  <testcase classname="com.nitaicharan.udemy_restapiawrestantn1.assertexamples.TwitterSoftAssertExampleTest" name="tweet2" time="0.508"/>
  <system-out/>
  <testcase classname="com.nitaicharan.udemy_restapiawrestantn1.assertexamples.TwitterSoftAssertExampleTest" name="deleteTweet2" time="0.483"/>
  <system-out/>
  <testcase classname="com.nitaicharan.udemy_restapiawrestantn1.assertexamples.TwitterSoftAssertExampleTest" name="deleteTweet1" time="0.525"/>
  <system-out/>
  <testcase classname="com.nitaicharan.udemy_restapiawrestantn1.assertexamples.TwitterSoftAssertExampleTest" name="readTweet" time="0.475"/>
  <system-out/>
  <testcase classname="com.nitaicharan.udemy_restapiawrestantn1.assertexamples.TwitterSoftAssertExampleTest" name="keyNotNull" time="0.000"/>
  <system-out/>
  <testcase classname="com.nitaicharan.udemy_restapiawrestantn1.assertexamples.TwitterSoftAssertExampleTest" name="tweet1" time="0.505"/>
  <system-out/>
</testsuite> <!-- com.nitaicharan.udemy_restapiawrestantn1.assertexamples.TwitterSoftAssertExampleTest -->
