<?xml version="1.0" encoding="UTF-8"?>
<!-- Generated by org.testng.reporters.JUnitReportReporter -->
<testsuite hostname="CON0006" failures="0" tests="6" name="com.nitaicharan.udemy_restapiawrestantn1.specs.ResponseSpecificationDemoTest" time="2.400" errors="0" timestamp="2020-11-03T10:59:31 BRT" skipped="0">
  <testcase classname="com.nitaicharan.udemy_restapiawrestantn1.specs.ResponseSpecificationDemoTest" name="tweet2" time="0.512"/>
  <system-out/>
  <testcase classname="com.nitaicharan.udemy_restapiawrestantn1.specs.ResponseSpecificationDemoTest" name="keyNotNull" time="0.000"/>
  <system-out/>
  <testcase classname="com.nitaicharan.udemy_restapiawrestantn1.specs.ResponseSpecificationDemoTest" name="deleteTweet2" time="0.493"/>
  <system-out/>
  <testcase classname="com.nitaicharan.udemy_restapiawrestantn1.specs.ResponseSpecificationDemoTest" name="readTweet" time="0.454"/>
  <system-out/>
  <testcase classname="com.nitaicharan.udemy_restapiawrestantn1.specs.ResponseSpecificationDemoTest" name="deleteTweet1" time="0.463"/>
  <system-out/>
  <testcase classname="com.nitaicharan.udemy_restapiawrestantn1.specs.ResponseSpecificationDemoTest" name="tweet1" time="0.478"/>
  <system-out/>
</testsuite> <!-- com.nitaicharan.udemy_restapiawrestantn1.specs.ResponseSpecificationDemoTest -->
