<?xml version="1.0" encoding="UTF-8"?>
<!-- Generated by org.testng.reporters.JUnitReportReporter -->
<testsuite hostname="CON0006" failures="0" tests="6" name="com.nitaicharan.udemy_restapiawrestantn1.usefultricks.TwitterRootPathExampleTest" time="2.436" errors="0" timestamp="2020-11-03T10:59:31 BRT" skipped="0">
  <testcase classname="com.nitaicharan.udemy_restapiawrestantn1.usefultricks.TwitterRootPathExampleTest" name="tweet2" time="0.515"/>
  <system-out/>
  <testcase classname="com.nitaicharan.udemy_restapiawrestantn1.usefultricks.TwitterRootPathExampleTest" name="deleteTweet1" time="0.450"/>
  <system-out/>
  <testcase classname="com.nitaicharan.udemy_restapiawrestantn1.usefultricks.TwitterRootPathExampleTest" name="keyNotNull" time="0.000"/>
  <system-out/>
  <testcase classname="com.nitaicharan.udemy_restapiawrestantn1.usefultricks.TwitterRootPathExampleTest" name="deleteTweet2" time="0.466"/>
  <system-out/>
  <testcase classname="com.nitaicharan.udemy_restapiawrestantn1.usefultricks.TwitterRootPathExampleTest" name="readTweet" time="0.494"/>
  <system-out/>
  <testcase classname="com.nitaicharan.udemy_restapiawrestantn1.usefultricks.TwitterRootPathExampleTest" name="tweet1" time="0.511"/>
  <system-out/>
</testsuite> <!-- com.nitaicharan.udemy_restapiawrestantn1.usefultricks.TwitterRootPathExampleTest -->
