<?xml version="1.0" encoding="UTF-8"?>
<!-- Generated by org.testng.reporters.JUnitReportReporter -->
<testsuite hostname="CON0006" failures="0" tests="4" name="com.nitaicharan.udemy_restapiawrestantn1.twitterapiexemple.TwitterGETRequestTest" time="1.564" errors="0" timestamp="2020-11-03T10:59:31 BRT" skipped="0">
  <testcase classname="com.nitaicharan.udemy_restapiawrestantn1.twitterapiexemple.TwitterGETRequestTest" name="keyNotNull" time="0.000"/>
  <system-out/>
  <testcase classname="com.nitaicharan.udemy_restapiawrestantn1.twitterapiexemple.TwitterGETRequestTest" name="readTweet" time="0.464"/>
  <system-out/>
  <testcase classname="com.nitaicharan.udemy_restapiawrestantn1.twitterapiexemple.TwitterGETRequestTest" name="postTweet" time="0.510"/>
  <system-out/>
  <testcase classname="com.nitaicharan.udemy_restapiawrestantn1.twitterapiexemple.TwitterGETRequestTest" name="deleteTweet" time="0.590"/>
  <system-out/>
</testsuite> <!-- com.nitaicharan.udemy_restapiawrestantn1.twitterapiexemple.TwitterGETRequestTest -->
