<?xml version="1.0" encoding="UTF-8"?>
<!-- Generated by org.testng.reporters.JUnitReportReporter -->
<testsuite hostname="CON0006" failures="0" tests="2" name="com.nitaicharan.udemy_restapiawrestantn1.twitterapiexemple.TwitterExtractResponsetTest" time="0.000" errors="0" timestamp="2020-11-03T10:59:31 BRT" skipped="1">
  <testcase classname="com.nitaicharan.udemy_restapiawrestantn1.twitterapiexemple.TwitterExtractResponsetTest" name="keyNotNull" time="0.000"/>
  <system-out/>
  <testcase classname="com.nitaicharan.udemy_restapiawrestantn1.twitterapiexemple.TwitterExtractResponsetTest" name="extractResponse">
    <skipped/>
  </testcase> <!-- extractResponse -->
  <system-out/>
</testsuite> <!-- com.nitaicharan.udemy_restapiawrestantn1.twitterapiexemple.TwitterExtractResponsetTest -->
