<?xml version="1.0" encoding="UTF-8"?>
<!-- Generated by org.testng.reporters.JUnitReportReporter -->
<testsuite hostname="CON0006" failures="0" tests="3" name="com.nitaicharan.udemy_restapiawrestantn1.loggingexmple.ResponseLoggingExempleTest" time="0.962" errors="0" timestamp="2020-11-03T10:59:31 BRT" skipped="0">
  <testcase classname="com.nitaicharan.udemy_restapiawrestantn1.loggingexmple.ResponseLoggingExempleTest" name="deleteTweet" time="0.452"/>
  <system-out/>
  <testcase classname="com.nitaicharan.udemy_restapiawrestantn1.loggingexmple.ResponseLoggingExempleTest" name="testMethod" time="0.509"/>
  <system-out/>
  <testcase classname="com.nitaicharan.udemy_restapiawrestantn1.loggingexmple.ResponseLoggingExempleTest" name="keyNotNull" time="0.001"/>
  <system-out/>
</testsuite> <!-- com.nitaicharan.udemy_restapiawrestantn1.loggingexmple.ResponseLoggingExempleTest -->
