<?xml version="1.0" encoding="UTF-8"?>
<!-- Generated by org.testng.reporters.JUnitReportReporter -->
<testsuite hostname="CON0006" failures="0" tests="2" name="com.nitaicharan.udemy_restapiawrestantn1.specs.RequestSpecificationDemoTest" time="0.459" errors="0" timestamp="2020-11-03T10:59:31 BRT" skipped="0">
  <testcase classname="com.nitaicharan.udemy_restapiawrestantn1.specs.RequestSpecificationDemoTest" name="keyNotNull" time="0.000"/>
  <system-out/>
  <testcase classname="com.nitaicharan.udemy_restapiawrestantn1.specs.RequestSpecificationDemoTest" name="readTweet" time="0.459"/>
  <system-out/>
</testsuite> <!-- com.nitaicharan.udemy_restapiawrestantn1.specs.RequestSpecificationDemoTest -->
