<?xml version="1.0" encoding="UTF-8"?>
<!-- Generated by org.testng.reporters.JUnitReportReporter -->
<testsuite hostname="CON0006" failures="0" tests="3" name="com.nitaicharan.udemy_restapiawrestantn1.basic.GetRequestTest" time="0.818" errors="0" timestamp="2020-11-03T10:59:31 BRT" skipped="1">
  <testcase classname="com.nitaicharan.udemy_restapiawrestantn1.basic.GetRequestTest" name="keyNotNull" time="0.000"/>
  <system-out/>
  <testcase classname="com.nitaicharan.udemy_restapiawrestantn1.basic.GetRequestTest" name="statusCodeVerification" time="0.818"/>
  <system-out/>
  <testcase classname="com.nitaicharan.udemy_restapiawrestantn1.basic.GetRequestTest" name="getRespondeBody">
    <skipped/>
  </testcase> <!-- getRespondeBody -->
  <system-out/>
</testsuite> <!-- com.nitaicharan.udemy_restapiawrestantn1.basic.GetRequestTest -->
