<?xml version="1.0" encoding="UTF-8"?>
<!-- Generated by org.testng.reporters.JUnitReportReporter -->
<testsuite hostname="CON0006" failures="0" tests="6" name="com.nitaicharan.udemy_restapiawrestantn1.assertexamples.TwitterHardAssertExampleTest" time="2.448" errors="0" timestamp="2020-11-03T10:59:31 BRT" skipped="0">
  <testcase classname="com.nitaicharan.udemy_restapiawrestantn1.assertexamples.TwitterHardAssertExampleTest" name="deleteTweet2" time="0.436"/>
  <system-out/>
  <testcase classname="com.nitaicharan.udemy_restapiawrestantn1.assertexamples.TwitterHardAssertExampleTest" name="deleteTweet1" time="0.454"/>
  <system-out/>
  <testcase classname="com.nitaicharan.udemy_restapiawrestantn1.assertexamples.TwitterHardAssertExampleTest" name="keyNotNull" time="0.000"/>
  <system-out/>
  <testcase classname="com.nitaicharan.udemy_restapiawrestantn1.assertexamples.TwitterHardAssertExampleTest" name="tweet1" time="0.526"/>
  <system-out/>
  <testcase classname="com.nitaicharan.udemy_restapiawrestantn1.assertexamples.TwitterHardAssertExampleTest" name="readTweet" time="0.499"/>
  <system-out/>
  <testcase classname="com.nitaicharan.udemy_restapiawrestantn1.assertexamples.TwitterHardAssertExampleTest" name="tweet2" time="0.533"/>
  <system-out/>
</testsuite> <!-- com.nitaicharan.udemy_restapiawrestantn1.assertexamples.TwitterHardAssertExampleTest -->
